Vivado Simulator v2023.2
Copyright 1986-2022 Xilinx, Inc. All Rights Reserved.
Copyright 2022-2023 Advanced Micro Devices, Inc. All Rights Reserved.
Running: C:/Xilinx/Vivado/2023.2/bin/unwrapped/win64.o/xelab.exe --incr --debug typical --relax --mt 2 -L xil_defaultlib -L uvm -L unisims_ver -L unimacro_ver -L secureip --snapshot my_sim_behav xil_defaultlib.my_sim xil_defaultlib.glbl -log elaborate.log 
Using 2 slave threads.
Starting static elaboration
Pass Through NonSizing Optimizer
WARNING: [VRFC 10-3823] variable 'tx' might have multiple concurrent drivers [C:/Users/Dennis Wong/Documents/FPGA_Projects/UART_Transciever/FPGA/UART_Transciever.srcs/sim_1/new/my_sim.sv:18]
Completed static elaboration
Starting simulation data flow analysis
WARNING: [XSIM 43-4099] "C:/Users/Dennis Wong/Documents/FPGA_Projects/UART_Transciever/FPGA/UART_Transciever.srcs/sources_1/new/Top_Module.sv" Line 2. Module Top_Module doesn't have a timescale but at least one module in design has a timescale.
WARNING: [XSIM 43-4099] "C:/Users/Dennis Wong/Documents/FPGA_Projects/UART_Transciever/FPGA/UART_Transciever.srcs/sources_1/new/baud_rate_generator.sv" Line 2. Module baud_rate_generator doesn't have a timescale but at least one module in design has a timescale.
WARNING: [XSIM 43-4099] "C:/Users/Dennis Wong/Documents/FPGA_Projects/UART_Transciever/FPGA/UART_Transciever.srcs/sources_1/new/uart_rx.sv" Line 2. Module uart_rx doesn't have a timescale but at least one module in design has a timescale.
WARNING: [XSIM 43-4099] "C:/Users/Dennis Wong/Documents/FPGA_Projects/UART_Transciever/FPGA/UART_Transciever.srcs/sources_1/new/uart_tx.sv" Line 2. Module uart_tx doesn't have a timescale but at least one module in design has a timescale.
WARNING: [XSIM 43-4099] "C:/Users/Dennis Wong/Documents/FPGA_Projects/UART_Transciever/FPGA/UART_Transciever.srcs/sources_1/new/Top_Module.sv" Line 2. Module Top_Module doesn't have a timescale but at least one module in design has a timescale.
WARNING: [XSIM 43-4099] "C:/Users/Dennis Wong/Documents/FPGA_Projects/UART_Transciever/FPGA/UART_Transciever.srcs/sources_1/new/baud_rate_generator.sv" Line 2. Module baud_rate_generator doesn't have a timescale but at least one module in design has a timescale.
WARNING: [XSIM 43-4099] "C:/Users/Dennis Wong/Documents/FPGA_Projects/UART_Transciever/FPGA/UART_Transciever.srcs/sources_1/new/uart_rx.sv" Line 2. Module uart_rx doesn't have a timescale but at least one module in design has a timescale.
WARNING: [XSIM 43-4099] "C:/Users/Dennis Wong/Documents/FPGA_Projects/UART_Transciever/FPGA/UART_Transciever.srcs/sources_1/new/uart_tx.sv" Line 2. Module uart_tx doesn't have a timescale but at least one module in design has a timescale.
Completed simulation data flow analysis
Time Resolution for simulation is 1ps
Compiling module xil_defaultlib.baud_rate_generator
Compiling module xil_defaultlib.uart_rx
Compiling module xil_defaultlib.uart_tx
Compiling module xil_defaultlib.Top_Module
Compiling module xil_defaultlib.my_sim
Compiling module xil_defaultlib.glbl
Built simulation snapshot my_sim_behav
