Vivado Simulator v2023.2
Copyright 1986-2022 Xilinx, Inc. All Rights Reserved.
Copyright 2022-2023 Advanced Micro Devices, Inc. All Rights Reserved.
Running: C:/Xilinx/Vivado/2023.2/bin/unwrapped/win64.o/xelab.exe --incr --debug typical --relax --mt 2 -L xil_defaultlib -L uvm -L unisims_ver -L secureip --snapshot my_sim_func_impl xil_defaultlib.my_sim xil_defaultlib.glbl -log elaborate.log 
Using 2 slave threads.
Starting static elaboration
Pass Through NonSizing Optimizer
WARNING: [VRFC 10-3823] variable 'tx' might have multiple concurrent drivers [C:/Users/Dennis Wong/Documents/FPGA_Projects/UART_Transciever/FPGA/UART_Transciever.srcs/sim_1/new/my_sim.sv:18]
Completed static elaboration
Starting simulation data flow analysis
Completed simulation data flow analysis
Time Resolution for simulation is 1ps
Compiling module unisims_ver.BUFG
Compiling module unisims_ver.IBUF
Compiling module unisims_ver.OBUF
Compiling module unisims_ver.LUT6
Compiling module unisims_ver.x_lut1_mux2
Compiling module unisims_ver.LUT1
Compiling module unisims_ver.FDRE_default
Compiling module unisims_ver.CARRY4
Compiling module unisims_ver.LUT5
Compiling module xil_defaultlib.baud_rate_generator
Compiling module unisims_ver.LUT4
Compiling module unisims_ver.x_lut2_mux4
Compiling module unisims_ver.LUT2
Compiling module unisims_ver.latchsre_ldce
Compiling module unisims_ver.LDCE
Compiling module unisims_ver.x_lut3_mux8
Compiling module unisims_ver.LUT3
Compiling module xil_defaultlib.uart_rx
Compiling module xil_defaultlib.uart_tx
Compiling module xil_defaultlib.Top_Module
Compiling module xil_defaultlib.my_sim
Compiling module xil_defaultlib.glbl
Built simulation snapshot my_sim_func_impl
